Mar-19 20:44:44.014 [main] DEBUG nextflow.cli.Launcher - $> nextflow run main.nf
Mar-19 20:44:44.060 [main] DEBUG nextflow.cli.CmdRun - N E X T F L O W  ~  version 25.10.4
Mar-19 20:44:44.075 [main] DEBUG nextflow.plugin.PluginsFacade - Setting up plugin manager > mode=prod; embedded=false; plugins-dir=/Users/alex/.nextflow/plugins; core-plugins: nf-amazon@3.4.4,nf-azure@1.20.2,nf-cloudcache@0.5.0,nf-codecommit@0.5.0,nf-console@1.3.0,nf-google@1.23.5,nf-k8s@1.2.2,nf-tower@1.17.5,nf-wave@1.16.1
Mar-19 20:44:44.087 [main] INFO  o.pf4j.DefaultPluginStatusProvider - Enabled plugins: []
Mar-19 20:44:44.088 [main] INFO  o.pf4j.DefaultPluginStatusProvider - Disabled plugins: []
Mar-19 20:44:44.090 [main] INFO  org.pf4j.DefaultPluginManager - PF4J version 3.12.0 in 'deployment' mode
Mar-19 20:44:44.098 [main] DEBUG nextflow.util.RetryConfig - Missing nextflow session - using default retry config
Mar-19 20:44:44.180 [main] INFO  org.pf4j.AbstractPluginManager - No plugins
Mar-19 20:44:44.196 [main] DEBUG nextflow.config.ConfigBuilder - Found config local: /Users/alex/Documents/test_mount_nextflow/nextflow.config
Mar-19 20:44:44.198 [main] DEBUG nextflow.config.ConfigBuilder - Parsing config file: /Users/alex/Documents/test_mount_nextflow/nextflow.config
Mar-19 20:44:44.212 [main] DEBUG nextflow.config.ConfigBuilder - Applying config profile: `standard`
Mar-19 20:44:44.503 [main] DEBUG nextflow.plugin.PluginsFacade - Plugins declared=[nf-amazon@3.4.4]
Mar-19 20:44:44.503 [main] DEBUG nextflow.plugin.PluginsFacade - Plugins default=[]
Mar-19 20:44:44.504 [main] DEBUG nextflow.plugin.PluginsFacade - Plugins resolved requirement=[nf-amazon@3.4.4]
Mar-19 20:44:45.543 [main] DEBUG n.plugin.HttpPluginRepository - Registry request: https://registry.nextflow.io/api/v1/plugins/dependencies?plugins=nf-amazon%403.4.4&nextflowVersion=25.10.4
- code: 200
- body: {"plugins":[{"id":"nf-amazon","releases":[{"version":"3.4.4","url":"https://registry.nextflow.io/api/v1/plugins/nf-amazon/3.4.4/download/nf-amazon-3.4.4.zip","date":"2026-02-10T15:21:20.535204Z","sha512sum":"76c37dc3b526e6d06b7fb5c171cd0679da4a5f7c6545eb16fba4ca5e7d812c60f555fb7a71718955a93aa02a22fec73b0e220ca0998725a0dbda0333b0f106ac","requires":">=25.09.2-edge","dependsOn":[],"status":"PUBLISHED"}],"projectUrl":"https://github.com/nextflow-io/nf-amazon","provider":"nextflow-io"}]}
Mar-19 20:44:45.576 [main] DEBUG nextflow.plugin.PluginUpdater - Installing plugin nf-amazon version: 3.4.4
Mar-19 20:44:45.587 [main] INFO  org.pf4j.AbstractPluginManager - Plugin 'nf-amazon@3.4.4' resolved
Mar-19 20:44:45.587 [main] INFO  org.pf4j.AbstractPluginManager - Start plugin 'nf-amazon@3.4.4'
Mar-19 20:44:45.637 [main] DEBUG nextflow.plugin.BasePlugin - Plugin started nf-amazon@3.4.4
Mar-19 20:44:45.648 [main] DEBUG nextflow.file.FileHelper - > Added 'S3FileSystemProvider' to list of installed providers [s3]
Mar-19 20:44:45.674 [main] DEBUG n.secret.LocalSecretsProvider - Secrets store: /Users/alex/.nextflow/secrets/store.json
Mar-19 20:44:45.676 [main] DEBUG nextflow.secret.SecretsLoader - Discovered secrets providers: [nextflow.secret.LocalSecretsProvider@2da99821] - activable => nextflow.secret.LocalSecretsProvider@2da99821
Mar-19 20:44:45.680 [main] DEBUG nextflow.cli.CmdRun - Applied DSL=2 from script declaration
Mar-19 20:44:45.691 [main] DEBUG nextflow.cli.CmdRun - Launching `main.nf` [magical_torricelli] DSL2 - revision: 0d1eb1b77d
Mar-19 20:44:45.730 [main] DEBUG nextflow.Session - Session UUID: 1ee3f10b-c87a-49b9-8ae4-c2761366c385
Mar-19 20:44:45.730 [main] DEBUG nextflow.Session - Run name: magical_torricelli
Mar-19 20:44:45.730 [main] DEBUG nextflow.Session - Executor pool size: 11
Mar-19 20:44:45.735 [main] DEBUG nextflow.file.FilePorter - File porter settings maxRetries=3; maxTransfers=50; pollTimeout=null
Mar-19 20:44:45.738 [main] DEBUG nextflow.util.ThreadPoolBuilder - Creating thread pool 'FileTransfer' minSize=10; maxSize=33; workQueue=LinkedBlockingQueue[-1]; allowCoreThreadTimeout=false
Mar-19 20:44:45.751 [main] DEBUG nextflow.cli.CmdRun - 
  Version: 25.10.4 build 11173
  Created: 10-02-2026 15:17 UTC (11-02-2026 02:17 AEDT)
  System: Mac OS X 26.3.1
  Runtime: Groovy 4.0.28 on OpenJDK 64-Bit Server VM 17.0.18+8-LTS
  Encoding: UTF-8 (UTF-8)
  Process: 90317@alexs-macbook [192.168.1.107]
  CPUs: 11 - Mem: 18 GB (80.7 MB) - Swap: 15 GB (603.4 MB)
Mar-19 20:44:45.758 [main] DEBUG nextflow.Session - Work-dir: /Users/alex/Documents/test_mount_nextflow/work [Mac OS X]
Mar-19 20:44:45.758 [main] DEBUG nextflow.Session - Script base path does not exist or is not a directory: /Users/alex/Documents/test_mount_nextflow/bin
Mar-19 20:44:45.774 [main] DEBUG nextflow.executor.ExecutorFactory - Extension executors providers=[AwsBatchExecutor]
Mar-19 20:44:45.779 [main] DEBUG nextflow.Session - Observer factory (v2): LinObserverFactory
Mar-19 20:44:45.781 [main] DEBUG nextflow.Session - Observer factory (v2): DefaultObserverFactory
Mar-19 20:44:45.800 [main] DEBUG nextflow.cache.CacheFactory - Using Nextflow cache factory: nextflow.cache.DefaultCacheFactory
Mar-19 20:44:45.805 [main] DEBUG nextflow.util.CustomThreadPool - Creating default thread pool > poolSize: 12; maxThreads: 1000
Mar-19 20:44:45.838 [main] DEBUG nextflow.Session - Session start
Mar-19 20:44:45.924 [main] DEBUG nextflow.script.ScriptRunner - > Launching execution
Mar-19 20:44:45.926 [main] WARN  nextflow.script.ScriptBinding - Access to undefined parameter `scratch_path` -- Initialise it to a default value eg. `params.scratch_path = some_value`
Mar-19 20:44:45.927 [main] WARN  nextflow.script.ScriptBinding - Access to undefined parameter `min_scratch_gb` -- Initialise it to a default value eg. `params.min_scratch_gb = some_value`
Mar-19 20:44:45.971 [main] DEBUG nextflow.executor.ExecutorFactory - << taskConfig executor: null
Mar-19 20:44:45.971 [main] DEBUG nextflow.executor.ExecutorFactory - >> processorType: 'local'
Mar-19 20:44:45.976 [main] DEBUG nextflow.executor.Executor - [warm up] executor > local
Mar-19 20:44:45.979 [main] DEBUG n.processor.LocalPollingMonitor - Creating local task monitor for executor 'local' > cpus=11; memory=18 GB; capacity=11; pollInterval=100ms; dumpInterval=5m
Mar-19 20:44:45.981 [main] DEBUG n.processor.TaskPollingMonitor - >>> barrier register (monitor: local)
Mar-19 20:44:45.994 [main] DEBUG nextflow.processor.TaskProcessor - Creating process 'scratch_check': maxForks=0; fair=false; array=0
Mar-19 20:44:46.028 [main] DEBUG nextflow.Session - Workflow process names [dsl2]: scratch_check
Mar-19 20:44:46.029 [main] DEBUG nextflow.Session - Igniting dataflow network (1)
Mar-19 20:44:46.029 [main] DEBUG nextflow.processor.TaskProcessor - Starting process > scratch_check
Mar-19 20:44:46.030 [main] DEBUG nextflow.script.ScriptRunner - Parsed script files:
  Script_d78bb5d092e9bb10: /Users/alex/Documents/test_mount_nextflow/main.nf
Mar-19 20:44:46.030 [main] DEBUG nextflow.script.ScriptRunner - > Awaiting termination 
Mar-19 20:44:46.030 [main] DEBUG nextflow.Session - Session await
Mar-19 20:44:46.128 [Task submitter] DEBUG n.executor.local.LocalTaskHandler - Launch cmd line: /bin/bash -ue .command.run
Mar-19 20:44:46.129 [Task submitter] INFO  nextflow.Session - [de/356375] Submitted process > scratch_check (scratch-check)
Mar-19 20:44:46.183 [Task monitor] DEBUG n.processor.TaskPollingMonitor - Task completed > TaskHandler[id: 1; name: scratch_check (scratch-check); status: COMPLETED; exit: 1; error: -; workDir: /Users/alex/Documents/test_mount_nextflow/work/de/356375dd55a4576611210fe83486ab]
Mar-19 20:44:46.184 [Task monitor] DEBUG nextflow.util.ThreadPoolBuilder - Creating thread pool 'TaskFinalizer' minSize=10; maxSize=33; workQueue=LinkedBlockingQueue[-1]; allowCoreThreadTimeout=false
Mar-19 20:44:46.189 [TaskFinalizer-1] DEBUG nextflow.processor.TaskProcessor - Handling unexpected condition for
  task: name=scratch_check (scratch-check); work-dir=/Users/alex/Documents/test_mount_nextflow/work/de/356375dd55a4576611210fe83486ab
  error [nextflow.exception.ProcessFailedException]: Process `scratch_check (scratch-check)` terminated with an error exit status (1)
Mar-19 20:44:46.199 [TaskFinalizer-1] ERROR nextflow.processor.TaskProcessor - Error executing process > 'scratch_check (scratch-check)'

Caused by:
  Process `scratch_check (scratch-check)` terminated with an error exit status (1)


Command executed:

  set -euo pipefail
  
  SCRATCH="/scratch"
  MIN_GB="350"
  
  {
    echo "=== scratch check report ==="
    echo "hostname: $(hostname)"
    echo "pwd: $(pwd)"
    echo "scratch_path: $SCRATCH"
    echo "min_required_gb: $MIN_GB"
    echo "date: $(date -Is)"
    echo
    echo "=== mount info ==="
    if command -v findmnt >/dev/null 2>&1; then
      findmnt -T "$SCRATCH" || true
    else
      grep " $SCRATCH " /proc/mounts || true
    fi
    echo
    echo "=== df ==="
    df -h "$SCRATCH" || true
    echo
    echo "=== ls -ld ==="
    ls -ld "$SCRATCH" || true
  } > scratch_check_report.txt
  
  if [ ! -d "$SCRATCH" ]; then
    echo "ERROR: $SCRATCH does not exist" | tee -a scratch_check_report.txt >&2
    exit 1
  fi
  
  if command -v findmnt >/dev/null 2>&1; then
    if ! findmnt -T "$SCRATCH" >/dev/null 2>&1; then
      echo "ERROR: $SCRATCH is not mounted" | tee -a scratch_check_report.txt >&2
      exit 1
    fi
  else
    if ! grep -q " $SCRATCH " /proc/mounts; then
      echo "ERROR: $SCRATCH is not mounted" | tee -a scratch_check_report.txt >&2
      exit 1
    fi
  fi
  
  AVAIL_GB=$(df -BG "$SCRATCH" | awk 'NR==2 {gsub("G","",$4); print $4}')
  if [ -z "$AVAIL_GB" ]; then
    echo "ERROR: could not determine available space on $SCRATCH" | tee -a scratch_check_report.txt >&2
    exit 1
  fi
  
  echo "available_gb: $AVAIL_GB" >> scratch_check_report.txt
  
  if [ "$AVAIL_GB" -lt "$MIN_GB" ]; then
    echo "ERROR: $SCRATCH has only ${AVAIL_GB}G available, expected at least ${MIN_GB}G" | tee -a scratch_check_report.txt >&2
    exit 1
  fi
  
  TEST_FILE="$SCRATCH/.nextflow_scratch_test_$$"
  echo "Writing test file: $TEST_FILE" >> scratch_check_report.txt
  dd if=/dev/zero of="$TEST_FILE" bs=1M count=10 status=none
  sync
  rm -f "$TEST_FILE"
  
  echo "write_test: ok" >> scratch_check_report.txt
  echo "status: ok" >> scratch_check_report.txt

Command exit status:
  1

Command output:
  (empty)

Command error:
  date: invalid argument 's' for -I
  grep: /proc/mounts: No such file or directory
  df: /scratch: No such file or directory
  ls: /scratch: No such file or directory
  ERROR: /scratch does not exist

Work dir:
  /Users/alex/Documents/test_mount_nextflow/work/de/356375dd55a4576611210fe83486ab

Tip: you can try to figure out what's wrong by changing to the process work dir and showing the script file named `.command.sh`
Mar-19 20:44:46.204 [TaskFinalizer-1] DEBUG nextflow.Session - Session aborted -- Cause: Process `scratch_check (scratch-check)` terminated with an error exit status (1)
Mar-19 20:44:46.204 [main] DEBUG nextflow.Session - Session await > all processes finished
Mar-19 20:44:46.216 [TaskFinalizer-1] DEBUG n.trace.WorkflowStatsObserver - Workflow completed > WorkflowStats[succeededCount=0; failedCount=1; ignoredCount=0; cachedCount=0; pendingCount=0; submittedCount=0; runningCount=0; retriesCount=0; abortedCount=0; succeedDuration=0ms; failedDuration=19ms; cachedDuration=0ms;loadCpus=0; loadMemory=0; peakRunning=1; peakCpus=1; peakMemory=1 GB; ]
Mar-19 20:44:46.268 [Task monitor] DEBUG n.processor.TaskPollingMonitor - <<< barrier arrives (monitor: local) - terminating tasks monitor poll loop
Mar-19 20:44:46.269 [main] DEBUG nextflow.Session - Session await > all barriers passed
Mar-19 20:44:46.270 [main] DEBUG n.trace.WorkflowStatsObserver - Workflow completed > WorkflowStats[succeededCount=0; failedCount=1; ignoredCount=0; cachedCount=0; pendingCount=0; submittedCount=0; runningCount=0; retriesCount=0; abortedCount=0; succeedDuration=0ms; failedDuration=19ms; cachedDuration=0ms;loadCpus=0; loadMemory=0; peakRunning=1; peakCpus=1; peakMemory=1 GB; ]
Mar-19 20:44:46.270 [TaskFinalizer-1] DEBUG nextflow.Session - null
java.lang.InterruptedException: null
	at java.base/java.lang.Object.wait(Native Method)
	at java.base/java.lang.Thread.join(Thread.java:1313)
	at java.base/java.lang.Thread.join(Thread.java:1381)
	at nextflow.trace.AnsiLogObserver.onFlowComplete(AnsiLogObserver.groovy:520)
	at nextflow.Session$_notifyFlowComplete_lambda39.doCall(Session.groovy:1121)
	at nextflow.Session.notifyEvent(Session.groovy:1151)
	at nextflow.Session.notifyFlowComplete(Session.groovy:1121)
	at nextflow.Session.shutdown0(Session.groovy:779)
	at nextflow.Session.abort(Session.groovy:834)
	at nextflow.Session.fault(Session.groovy:796)
	at nextflow.processor.TaskPollingMonitor.finalizeTask(TaskPollingMonitor.groovy:753)
	at nextflow.processor.TaskPollingMonitor.safeFinalizeTask(TaskPollingMonitor.groovy:736)
	at java.base/jdk.internal.reflect.NativeMethodAccessorImpl.invoke0(Native Method)
	at java.base/jdk.internal.reflect.NativeMethodAccessorImpl.invoke(NativeMethodAccessorImpl.java:77)
	at java.base/jdk.internal.reflect.DelegatingMethodAccessorImpl.invoke(DelegatingMethodAccessorImpl.java:43)
	at java.base/java.lang.reflect.Method.invoke(Method.java:569)
	at org.codehaus.groovy.reflection.CachedMethod.invoke(CachedMethod.java:343)
	at groovy.lang.MetaMethod.doMethodInvoke(MetaMethod.java:328)
	at groovy.lang.MetaClassImpl.doInvokeMethod(MetaClassImpl.java:1339)
	at groovy.lang.MetaClassImpl.invokeMethod(MetaClassImpl.java:1094)
	at groovy.lang.MetaClassImpl.invokeMethod(MetaClassImpl.java:1007)
	at org.codehaus.groovy.runtime.InvokerHelper.invokePogoMethod(InvokerHelper.java:645)
	at org.codehaus.groovy.runtime.InvokerHelper.invokeMethod(InvokerHelper.java:628)
	at org.codehaus.groovy.runtime.InvokerHelper.invokeMethodSafe(InvokerHelper.java:82)
	at nextflow.processor.TaskPollingMonitor$_checkTaskStatus_lambda8.doCall(TaskPollingMonitor.groovy:726)
	at java.base/java.util.concurrent.Executors$RunnableAdapter.call(Executors.java:539)
	at java.base/java.util.concurrent.FutureTask.run(FutureTask.java:264)
	at java.base/java.util.concurrent.ThreadPoolExecutor.runWorker(ThreadPoolExecutor.java:1136)
	at java.base/java.util.concurrent.ThreadPoolExecutor$Worker.run(ThreadPoolExecutor.java:635)
	at java.base/java.lang.Thread.run(Thread.java:840)
Mar-19 20:44:46.411 [main] DEBUG nextflow.cache.CacheDB - Closing CacheDB done
Mar-19 20:44:46.418 [main] INFO  org.pf4j.AbstractPluginManager - Stop plugin 'nf-amazon@3.4.4'
Mar-19 20:44:46.418 [main] DEBUG nextflow.plugin.BasePlugin - Plugin stopped nf-amazon
Mar-19 20:44:46.418 [main] DEBUG nextflow.script.ScriptRunner - > Execution complete -- Goodbye
